<?xml version="1.0" encoding="UTF-8"?>
<testng-results ignored="0" total="3" passed="1" failed="2" skipped="0">
  <reporter-output>
  </reporter-output>
  <suite started-at="2025-01-22T06:13:03 GMT+08:00" name="Default suite" finished-at="2025-01-22T06:13:10 GMT+08:00" duration-ms="7092">
    <groups>
      <group name="cucumber">
        <method signature="AbstractTestNGCucumberTests.runScenario(io.cucumber.testng.PickleWrapper,io.cucumber.testng.FeatureWrapper)[pri:0, instance:testRunner.CucumberTestRunner@37271612]" name="runScenario" class="io.cucumber.testng.AbstractTestNGCucumberTests"/>
      </group> <!-- cucumber -->
    </groups>
    <test started-at="2025-01-22T06:13:03 GMT+08:00" name="Default test" finished-at="2025-01-22T06:13:10 GMT+08:00" duration-ms="7092">
      <class name="testRunner.CucumberTestRunner">
        <test-method is-config="true" signature="setUpClass(org.testng.ITestContext)[pri:0, instance:testRunner.CucumberTestRunner@37271612]" started-at="2025-01-22T06:13:03 GMT+08:00" name="setUpClass" finished-at="2025-01-22T06:13:04 GMT+08:00" duration-ms="555" status="PASS">
          <params>
            <param index="0">
              <value>
                <![CDATA[org.testng.TestRunner@7e4c72d6]]>
              </value>
            </param>
          </params>
          <reporter-output>
          </reporter-output>
        </test-method> <!-- setUpClass -->
        <test-method signature="runScenario(io.cucumber.testng.PickleWrapper,io.cucumber.testng.FeatureWrapper)[pri:0, instance:testRunner.CucumberTestRunner@37271612]" started-at="2025-01-22T06:13:04 GMT+08:00" name="runScenario" description="Runs Cucumber Scenarios" data-provider="scenarios" finished-at="2025-01-22T06:13:06 GMT+08:00" duration-ms="2652" status="FAIL">
          <params>
            <param index="0">
              <value>
                <![CDATA["Verify Sort Z to A"]]>
              </value>
            </param>
            <param index="1">
              <value>
                <![CDATA["Product"]]>
              </value>
            </param>
          </params>
          <exception class="java.lang.AssertionError">
            <message>
              <![CDATA[Names after sorting do not match!: Lists differ at element [0]: Test.allTheThings() T-Shirt (Red) != Sauce Labs Backpack expected [Test.allTheThings() T-Shirt (Red)] but found [Sauce Labs Backpack]]]>
            </message>
            <full-stacktrace>
              <![CDATA[java.lang.AssertionError: Names after sorting do not match!: Lists differ at element [0]: Test.allTheThings() T-Shirt (Red) != Sauce Labs Backpack expected [Test.allTheThings() T-Shirt (Red)] but found [Sauce Labs Backpack]
at org.testng.Assert.fail(Assert.java:111)
at org.testng.Assert.failNotEquals(Assert.java:1578)
at org.testng.Assert.assertEqualsImpl(Assert.java:150)
at org.testng.Assert.assertEquals(Assert.java:1644)
at StepDefinitions.ProductSteps.verify_sort_z_to_a(ProductSteps.java:302)
at ✽.Verify Sort Z to A(file:///C:/Users/admin/eclipse-workspace/BDD/BDD-Saucedemo/Features/Product.feature:113)
]]>
            </full-stacktrace>
          </exception> <!-- java.lang.AssertionError -->
          <reporter-output>
          </reporter-output>
        </test-method> <!-- runScenario -->
        <test-method signature="runScenario(io.cucumber.testng.PickleWrapper,io.cucumber.testng.FeatureWrapper)[pri:0, instance:testRunner.CucumberTestRunner@37271612]" started-at="2025-01-22T06:13:07 GMT+08:00" name="runScenario" description="Runs Cucumber Scenarios" data-provider="scenarios" finished-at="2025-01-22T06:13:08 GMT+08:00" duration-ms="1957" status="FAIL">
          <params>
            <param index="0">
              <value>
                <![CDATA["Verify Sort Z to A"]]>
              </value>
            </param>
            <param index="1">
              <value>
                <![CDATA["Product"]]>
              </value>
            </param>
          </params>
          <exception class="org.openqa.selenium.UnhandledAlertException">
            <message>
              <![CDATA[unexpected alert open: {Alert text : Sorting is broken! This error has been reported to Backtrace.}
  (Session info: chrome=131.0.6778.265): Sorting is broken! This error has been reported to Backtrace.
Build info: version: '4.27.0', revision: 'd6e718d134'
System info: os.name: 'Windows 11', os.arch: 'amd64', os.version: '10.0', java.version: '23'
Driver info: org.openqa.selenium.chrome.ChromeDriver
Command: [da2faa677f043ecb10a2f23dff19cd35, findElements {using=class name, value=inventory_item_name}]
Capabilities {acceptInsecureCerts: false, browserName: chrome, browserVersion: 131.0.6778.265, chrome: {chromedriverVersion: 131.0.6778.264 (2d05e315153..., userDataDir: C:\Users\admin\AppData\Loca...}, fedcm:accounts: true, goog:chromeOptions: {debuggerAddress: localhost:49913}, networkConnectionEnabled: false, pageLoadStrategy: normal, platformName: windows, proxy: Proxy(), se:cdp: ws://localhost:49913/devtoo..., se:cdpVersion: 131.0.6778.265, setWindowRect: true, strictFileInteractability: false, timeouts: {implicit: 0, pageLoad: 300000, script: 30000}, unhandledPromptBehavior: dismiss and notify, webauthn:extension:credBlob: true, webauthn:extension:largeBlob: true, webauthn:extension:minPinLength: true, webauthn:extension:prf: true, webauthn:virtualAuthenticators: true}
Session ID: da2faa677f043ecb10a2f23dff19cd35]]>
            </message>
            <full-stacktrace>
              <![CDATA[org.openqa.selenium.UnhandledAlertException: unexpected alert open: {Alert text : Sorting is broken! This error has been reported to Backtrace.}
  (Session info: chrome=131.0.6778.265): Sorting is broken! This error has been reported to Backtrace.
Build info: version: '4.27.0', revision: 'd6e718d134'
System info: os.name: 'Windows 11', os.arch: 'amd64', os.version: '10.0', java.version: '23'
Driver info: org.openqa.selenium.chrome.ChromeDriver
Command: [da2faa677f043ecb10a2f23dff19cd35, findElements {using=class name, value=inventory_item_name}]
Capabilities {acceptInsecureCerts: false, browserName: chrome, browserVersion: 131.0.6778.265, chrome: {chromedriverVersion: 131.0.6778.264 (2d05e315153..., userDataDir: C:\Users\admin\AppData\Loca...}, fedcm:accounts: true, goog:chromeOptions: {debuggerAddress: localhost:49913}, networkConnectionEnabled: false, pageLoadStrategy: normal, platformName: windows, proxy: Proxy(), se:cdp: ws://localhost:49913/devtoo..., se:cdpVersion: 131.0.6778.265, setWindowRect: true, strictFileInteractability: false, timeouts: {implicit: 0, pageLoad: 300000, script: 30000}, unhandledPromptBehavior: dismiss and notify, webauthn:extension:credBlob: true, webauthn:extension:largeBlob: true, webauthn:extension:minPinLength: true, webauthn:extension:prf: true, webauthn:virtualAuthenticators: true}
Session ID: da2faa677f043ecb10a2f23dff19cd35
at org.openqa.selenium.remote.codec.w3c.W3CHttpResponseCodec.decode(W3CHttpResponseCodec.java:136)
at org.openqa.selenium.remote.codec.w3c.W3CHttpResponseCodec.decode(W3CHttpResponseCodec.java:50)
at org.openqa.selenium.remote.HttpCommandExecutor.execute(HttpCommandExecutor.java:190)
at org.openqa.selenium.remote.service.DriverCommandExecutor.invokeExecute(DriverCommandExecutor.java:216)
at org.openqa.selenium.remote.service.DriverCommandExecutor.execute(DriverCommandExecutor.java:174)
at org.openqa.selenium.remote.RemoteWebDriver.execute(RemoteWebDriver.java:545)
at org.openqa.selenium.remote.ElementLocation$ElementFinder$2.findElements(ElementLocation.java:182)
at org.openqa.selenium.remote.ElementLocation.findElements(ElementLocation.java:103)
at org.openqa.selenium.remote.RemoteWebDriver.findElements(RemoteWebDriver.java:381)
at org.openqa.selenium.remote.RemoteWebDriver.findElements(RemoteWebDriver.java:375)
at org.openqa.selenium.support.pagefactory.DefaultElementLocator.findElements(DefaultElementLocator.java:83)
at org.openqa.selenium.support.pagefactory.internal.LocatingElementListHandler.invoke(LocatingElementListHandler.java:36)
at jdk.proxy2/jdk.proxy2.$Proxy26.iterator(Unknown Source)
at StepDefinitions.ProductSteps.verify_sort_z_to_a(ProductSteps.java:297)
at ✽.Verify Sort Z to A(file:///C:/Users/admin/eclipse-workspace/BDD/BDD-Saucedemo/Features/Product.feature:113)
]]>
            </full-stacktrace>
          </exception> <!-- org.openqa.selenium.UnhandledAlertException -->
          <reporter-output>
          </reporter-output>
        </test-method> <!-- runScenario -->
        <test-method signature="runScenario(io.cucumber.testng.PickleWrapper,io.cucumber.testng.FeatureWrapper)[pri:0, instance:testRunner.CucumberTestRunner@37271612]" started-at="2025-01-22T06:13:08 GMT+08:00" name="runScenario" description="Runs Cucumber Scenarios" data-provider="scenarios" finished-at="2025-01-22T06:13:10 GMT+08:00" duration-ms="1853" status="PASS">
          <params>
            <param index="0">
              <value>
                <![CDATA["Verify Sort Z to A"]]>
              </value>
            </param>
            <param index="1">
              <value>
                <![CDATA["Product"]]>
              </value>
            </param>
          </params>
          <reporter-output>
          </reporter-output>
        </test-method> <!-- runScenario -->
        <test-method is-config="true" signature="tearDownClass()[pri:0, instance:testRunner.CucumberTestRunner@37271612]" started-at="2025-01-22T06:13:10 GMT+08:00" name="tearDownClass" finished-at="2025-01-22T06:13:10 GMT+08:00" duration-ms="28" status="PASS">
          <reporter-output>
          </reporter-output>
        </test-method> <!-- tearDownClass -->
      </class> <!-- testRunner.CucumberTestRunner -->
    </test> <!-- Default test -->
  </suite> <!-- Default suite -->
</testng-results>
